<?xml version="1.0" encoding="UTF-8"?>
<testng-results ignored="0" total="2" passed="2" failed="0" skipped="0">
  <reporter-output>
  </reporter-output>
  <suite started-at="2022-10-06T06:34:09 IST" name="Suite" finished-at="2022-10-06T06:34:09 IST" duration-ms="41">
    <groups>
    </groups>
    <test started-at="2022-10-06T06:34:09 IST" name="Test" finished-at="2022-10-06T06:34:09 IST" duration-ms="41">
      <class name="com.basics.AppTest">
        <test-method is-config="true" signature="beforemethod()[pri:0, instance:com.basics.AppTest@123ef382]" started-at="2022-10-06T06:34:09 IST" name="beforemethod" finished-at="2022-10-06T06:34:09 IST" duration-ms="5" status="PASS">
          <reporter-output>
          </reporter-output>
        </test-method> <!-- beforemethod -->
        <test-method signature="Testcase1()[pri:0, instance:com.basics.AppTest@123ef382]" started-at="2022-10-06T06:34:09 IST" name="Testcase1" finished-at="2022-10-06T06:34:09 IST" duration-ms="7" status="PASS">
          <reporter-output>
          </reporter-output>
        </test-method> <!-- Testcase1 -->
        <test-method signature="Testcase2()[pri:0, instance:com.basics.AppTest@123ef382]" started-at="2022-10-06T06:34:09 IST" name="Testcase2" finished-at="2022-10-06T06:34:09 IST" duration-ms="2" status="PASS">
          <reporter-output>
          </reporter-output>
        </test-method> <!-- Testcase2 -->
        <test-method is-config="true" signature="aftermethod()[pri:0, instance:com.basics.AppTest@123ef382]" started-at="2022-10-06T06:34:09 IST" name="aftermethod" finished-at="2022-10-06T06:34:09 IST" duration-ms="0" status="PASS">
          <reporter-output>
          </reporter-output>
        </test-method> <!-- aftermethod -->
      </class> <!-- com.basics.AppTest -->
    </test> <!-- Test -->
  </suite> <!-- Suite -->
</testng-results>
