<?xml version="1.0" encoding="UTF-8"?>
<!-- Generated by org.testng.reporters.JUnitXMLReporter -->
<testsuite ignored="2" hostname="CHN-REG-338651" failures="1" tests="3" name="Test" time="0.055" errors="0" timestamp="2022-10-07T07:38:07 IST">
  <testcase classname="com.testcases.AppTest2" name="Subject_testcase" time="0.021">
    <failure type="java.lang.NullPointerException" message="Cannot invoke &amp;quot;org.openqa.selenium.WebDriver.findElement(org.openqa.selenium.By)&amp;quot; because &amp;quot;this.driver&amp;quot; is null">
      <![CDATA[java.lang.NullPointerException: Cannot invoke "org.openqa.selenium.WebDriver.findElement(org.openqa.selenium.By)" because "this.driver" is null
at com.pom.Mycontactform.subject(Mycontactform.java:16)
at com.testcases.AppTest2.Subject_testcase(AppTest2.java:26)
at java.base/java.util.ArrayList.forEach(ArrayList.java:1511)
... Removed 25 stack frames]]>
    </failure>
  </testcase> <!-- Subject_testcase -->
  <testcase classname="com.testcases.AppTest2" name="Textboxfield_testcase" time="0.002"/>
  <testcase classname="com.testcases.AppTest2" name="dropdown_testcase" time="0.001"/>
  <testcase classname="com.testcases.AppTest2" name="textmessage_testcase" time="0.0">
    <ignored/>
  </testcase> <!-- textmessage_testcase -->
  <testcase classname="com.testcases.AppTest2" name="email_testcase" time="0.0">
    <ignored/>
  </testcase> <!-- email_testcase -->
</testsuite> <!-- Test -->
