<?xml version="1.0" encoding="UTF-8"?>
<testng-results ignored="2" total="5" passed="2" failed="1" skipped="0">
  <reporter-output>
  </reporter-output>
  <suite started-at="2022-10-07T07:38:06 IST" name="Suite" finished-at="2022-10-07T07:38:06 IST" duration-ms="55">
    <groups>
      <group name="Logout">
        <method signature="AppTest2.dropdown_testcase()[pri:0, instance:com.testcases.AppTest2@55b7a4e0]" name="dropdown_testcase" class="com.testcases.AppTest2"/>
      </group> <!-- Logout -->
      <group name="Login">
        <method signature="AppTest2.Subject_testcase()[pri:0, instance:com.testcases.AppTest2@55b7a4e0]" name="Subject_testcase" class="com.testcases.AppTest2"/>
        <method signature="AppTest2.Textboxfield_testcase()[pri:0, instance:com.testcases.AppTest2@55b7a4e0]" name="Textboxfield_testcase" class="com.testcases.AppTest2"/>
        <method signature="AppTest2.dropdown_testcase()[pri:0, instance:com.testcases.AppTest2@55b7a4e0]" name="dropdown_testcase" class="com.testcases.AppTest2"/>
      </group> <!-- Login -->
    </groups>
    <test started-at="2022-10-07T07:38:06 IST" name="Test" finished-at="2022-10-07T07:38:06 IST" duration-ms="55">
      <class name="com.testcases.AppTest2">
        <test-method signature="Subject_testcase()[pri:0, instance:com.testcases.AppTest2@55b7a4e0]" started-at="2022-10-07T07:38:06 IST" name="Subject_testcase" finished-at="2022-10-07T07:38:06 IST" duration-ms="21" status="FAIL">
          <exception class="java.lang.NullPointerException">
            <message>
              <![CDATA[Cannot invoke "org.openqa.selenium.WebDriver.findElement(org.openqa.selenium.By)" because "this.driver" is null]]>
            </message>
            <full-stacktrace>
              <![CDATA[java.lang.NullPointerException: Cannot invoke "org.openqa.selenium.WebDriver.findElement(org.openqa.selenium.By)" because "this.driver" is null
at com.pom.Mycontactform.subject(Mycontactform.java:16)
at com.testcases.AppTest2.Subject_testcase(AppTest2.java:26)
at java.base/jdk.internal.reflect.DirectMethodHandleAccessor.invoke(DirectMethodHandleAccessor.java:104)
at java.base/java.lang.reflect.Method.invoke(Method.java:577)
at org.testng.internal.MethodInvocationHelper.invokeMethod(MethodInvocationHelper.java:133)
at org.testng.internal.TestInvoker.invokeMethod(TestInvoker.java:598)
at org.testng.internal.TestInvoker.invokeTestMethod(TestInvoker.java:173)
at org.testng.internal.MethodRunner.runInSequence(MethodRunner.java:46)
at org.testng.internal.TestInvoker$MethodInvocationAgent.invoke(TestInvoker.java:824)
at org.testng.internal.TestInvoker.invokeTestMethods(TestInvoker.java:146)
at org.testng.internal.TestMethodWorker.invokeTestMethods(TestMethodWorker.java:146)
at org.testng.internal.TestMethodWorker.run(TestMethodWorker.java:128)
at java.base/java.util.ArrayList.forEach(ArrayList.java:1511)
at org.testng.TestRunner.privateRun(TestRunner.java:794)
at org.testng.TestRunner.run(TestRunner.java:596)
at org.testng.SuiteRunner.runTest(SuiteRunner.java:377)
at org.testng.SuiteRunner.runSequentially(SuiteRunner.java:371)
at org.testng.SuiteRunner.privateRun(SuiteRunner.java:332)
at org.testng.SuiteRunner.run(SuiteRunner.java:276)
at org.testng.SuiteRunnerWorker.runSuite(SuiteRunnerWorker.java:53)
at org.testng.SuiteRunnerWorker.run(SuiteRunnerWorker.java:96)
at org.testng.TestNG.runSuitesSequentially(TestNG.java:1212)
at org.testng.TestNG.runSuitesLocally(TestNG.java:1134)
at org.testng.TestNG.runSuites(TestNG.java:1063)
at org.testng.TestNG.run(TestNG.java:1031)
at org.testng.remote.AbstractRemoteTestNG.run(AbstractRemoteTestNG.java:115)
at org.testng.remote.RemoteTestNG.initAndRun(RemoteTestNG.java:251)
at org.testng.remote.RemoteTestNG.main(RemoteTestNG.java:77)
]]>
            </full-stacktrace>
          </exception> <!-- java.lang.NullPointerException -->
          <reporter-output>
          </reporter-output>
        </test-method> <!-- Subject_testcase -->
        <test-method signature="Textboxfield_testcase()[pri:0, instance:com.testcases.AppTest2@55b7a4e0]" started-at="2022-10-07T07:38:06 IST" name="Textboxfield_testcase" finished-at="2022-10-07T07:38:06 IST" duration-ms="2" status="PASS">
          <reporter-output>
          </reporter-output>
        </test-method> <!-- Textboxfield_testcase -->
        <test-method signature="dropdown_testcase()[pri:0, instance:com.testcases.AppTest2@55b7a4e0]" started-at="2022-10-07T07:38:06 IST" name="dropdown_testcase" finished-at="2022-10-07T07:38:06 IST" duration-ms="1" status="PASS">
          <reporter-output>
          </reporter-output>
        </test-method> <!-- dropdown_testcase -->
      </class> <!-- com.testcases.AppTest2 -->
    </test> <!-- Test -->
  </suite> <!-- Suite -->
</testng-results>
