<?xml version="1.0" encoding="UTF-8"?>
<!-- Generated by org.testng.reporters.JUnitXMLReporter -->
<testsuite ignored="0" hostname="CHN-REG-338651" failures="0" tests="5" name="Default test" time="6.098" errors="0" timestamp="2022-10-07T07:37:09 IST">
  <testcase classname="com.testcases.AppTest2" name="Subject_testcase" time="0.081"/>
  <testcase classname="com.testcases.AppTest2" name="Textboxfield_testcase" time="0.002"/>
  <testcase classname="com.testcases.AppTest2" name="dropdown_testcase" time="0.001"/>
  <testcase classname="com.testcases.AppTest2" name="email_testcase" time="0.001"/>
  <testcase classname="com.testcases.AppTest2" name="textmessage_testcase" time="0.001"/>
</testsuite> <!-- Default test -->
